<?xml version="1.0" encoding="UTF-8"?>
<!-- Generated by org.testng.reporters.JUnitXMLReporter -->
<testsuite ignored="0" hostname="LAPTOP-PF6MPK7A" failures="1" tests="7" name="Default test" time="36.828" errors="0" timestamp="2024-08-13T15:35:13 IST">
  <testcase classname="tests.TestFanfix" name="loginWebsite" time="4.896"/>
  <testcase classname="tests.TestFanfix" name="newPostButton" time="10.251"/>
  <testcase classname="tests.TestFanfix" name="clickOnFreePost" time="0.127"/>
  <testcase classname="tests.TestFanfix" name="writePost" time="8.365"/>
  <testcase classname="tests.TestFanfix" name="clickCustomTime" time="0.38"/>
  <testcase classname="tests.TestFanfix" name="dateSelect" time="5.866">
    <failure type="org.openqa.selenium.ElementClickInterceptedException" message="element click intercepted: Element &amp;lt;button class=&amp;quot;MuiButtonBase-root MuiPickersDay-root MuiPickersDay-dayWithMargin css-...h9flew&amp;quot; tabindex=&amp;quot;0&amp;quot; type=&amp;quot;button&amp;quot; role=&amp;quot;gridcell&amp;quot; data-timestamp=&amp;quot;1725129000000&amp;quot; aria-colindex=&amp;quot;1&amp;quot; aria-selected=&amp;quot;false&amp;quot;&amp;gt;1&amp;lt;/button&amp;gt; is not clickable at point (511, 200). Other element would receive the click: &amp;lt;button class=&amp;quot;MuiButtonBase-root MuiPickersDay-root MuiPickersDay-dayWithMargin css-1h9flew&amp;quot; tabindex=&amp;quot;-1&amp;quot; type=&amp;quot;button&amp;quot; role=&amp;quot;gridcell&amp;quot; data-timestamp=&amp;quot;1725388200000&amp;quot; aria-colindex=&amp;quot;...&amp;quot; aria-selected=&amp;quot;false&amp;quot;&amp;gt;4&amp;lt;/button&amp;gt;
  (Session info: chrome=127.0.6533.100)
Build info: version: &amp;apos;4.1.0&amp;apos;, revision: &amp;apos;87802e897b&amp;apos;
System info: host: &amp;apos;LAPTOP-PF6MPK7A&amp;apos;, ip: &amp;apos;172.20.10.5&amp;apos;, os.name: &amp;apos;Windows 11&amp;apos;, os.arch: &amp;apos;amd64&amp;apos;, os.version: &amp;apos;10.0&amp;apos;, java.version: &amp;apos;17.0.3.1&amp;apos;
Driver info: org.openqa.selenium.chrome.ChromeDriver
Command: [8b538a3430cb773780b4ff0a9c2d803b, clickElement {id=f.4942472FF64D3483DC65BFF8B5EE3F0D.d.53A0A941E13882B043A5005EF9464410.e.1505}]
Capabilities {acceptInsecureCerts: false, browserName: chrome, browserVersion: 127.0.6533.100, chrome: {chromedriverVersion: 127.0.6533.99 (f31af5097d90..., userDataDir: C:\Users\TAFAJJ~1\AppData\L...}, fedcm:accounts: true, goog:chromeOptions: {debuggerAddress: localhost:9728}, javascriptEnabled: true, networkConnectionEnabled: false, pageLoadStrategy: normal, platform: WINDOWS, platformName: WINDOWS, proxy: Proxy(), se:cdp: ws://localhost:9728/devtool..., se:cdpVersion: 127.0.6533.100, setWindowRect: true, strictFileInteractability: false, timeouts: {implicit: 0, pageLoad: 300000, script: 30000}, unhandledPromptBehavior: dismiss and notify, webauthn:extension:credBlob: true, webauthn:extension:largeBlob: true, webauthn:extension:minPinLength: true, webauthn:extension:prf: true, webauthn:virtualAuthenticators: true}
Element: [[ChromeDriver: chrome on WINDOWS (8b538a3430cb773780b4ff0a9c2d803b)] -&amp;gt; xpath: //div[@class=&amp;quot;MuiDayCalendar-weekContainer css-mvmu1r&amp;quot;]/.//button[.=&amp;apos;1&amp;apos;]]
Session ID: 8b538a3430cb773780b4ff0a9c2d803b">
      <![CDATA[org.openqa.selenium.ElementClickInterceptedException: element click intercepted: Element <button class="MuiButtonBase-root MuiPickersDay-root MuiPickersDay-dayWithMargin css-...h9flew" tabindex="0" type="button" role="gridcell" data-timestamp="1725129000000" aria-colindex="1" aria-selected="false">1</button> is not clickable at point (511, 200). Other element would receive the click: <button class="MuiButtonBase-root MuiPickersDay-root MuiPickersDay-dayWithMargin css-1h9flew" tabindex="-1" type="button" role="gridcell" data-timestamp="1725388200000" aria-colindex="..." aria-selected="false">4</button>
  (Session info: chrome=127.0.6533.100)
Build info: version: '4.1.0', revision: '87802e897b'
System info: host: 'LAPTOP-PF6MPK7A', ip: '172.20.10.5', os.name: 'Windows 11', os.arch: 'amd64', os.version: '10.0', java.version: '17.0.3.1'
Driver info: org.openqa.selenium.chrome.ChromeDriver
Command: [8b538a3430cb773780b4ff0a9c2d803b, clickElement {id=f.4942472FF64D3483DC65BFF8B5EE3F0D.d.53A0A941E13882B043A5005EF9464410.e.1505}]
Capabilities {acceptInsecureCerts: false, browserName: chrome, browserVersion: 127.0.6533.100, chrome: {chromedriverVersion: 127.0.6533.99 (f31af5097d90..., userDataDir: C:\Users\TAFAJJ~1\AppData\L...}, fedcm:accounts: true, goog:chromeOptions: {debuggerAddress: localhost:9728}, javascriptEnabled: true, networkConnectionEnabled: false, pageLoadStrategy: normal, platform: WINDOWS, platformName: WINDOWS, proxy: Proxy(), se:cdp: ws://localhost:9728/devtool..., se:cdpVersion: 127.0.6533.100, setWindowRect: true, strictFileInteractability: false, timeouts: {implicit: 0, pageLoad: 300000, script: 30000}, unhandledPromptBehavior: dismiss and notify, webauthn:extension:credBlob: true, webauthn:extension:largeBlob: true, webauthn:extension:minPinLength: true, webauthn:extension:prf: true, webauthn:virtualAuthenticators: true}
Element: [[ChromeDriver: chrome on WINDOWS (8b538a3430cb773780b4ff0a9c2d803b)] -> xpath: //div[@class="MuiDayCalendar-weekContainer css-mvmu1r"]/.//button[.='1']]
Session ID: 8b538a3430cb773780b4ff0a9c2d803b
at java.base/jdk.internal.reflect.NativeConstructorAccessorImpl.newInstance0(Native Method)
at java.base/jdk.internal.reflect.NativeConstructorAccessorImpl.newInstance(NativeConstructorAccessorImpl.java:77)
at java.base/jdk.internal.reflect.DelegatingConstructorAccessorImpl.newInstance(DelegatingConstructorAccessorImpl.java:45)
at java.base/java.lang.reflect.Constructor.newInstanceWithCaller(Constructor.java:499)
at java.base/java.lang.reflect.Constructor.newInstance(Constructor.java:480)
at org.openqa.selenium.remote.codec.w3c.W3CHttpResponseCodec.createException(W3CHttpResponseCodec.java:200)
at org.openqa.selenium.remote.codec.w3c.W3CHttpResponseCodec.decode(W3CHttpResponseCodec.java:133)
at org.openqa.selenium.remote.codec.w3c.W3CHttpResponseCodec.decode(W3CHttpResponseCodec.java:53)
at org.openqa.selenium.remote.HttpCommandExecutor.execute(HttpCommandExecutor.java:184)
at org.openqa.selenium.remote.service.DriverCommandExecutor.invokeExecute(DriverCommandExecutor.java:164)
at org.openqa.selenium.remote.service.DriverCommandExecutor.execute(DriverCommandExecutor.java:139)
at org.openqa.selenium.remote.RemoteWebDriver.execute(RemoteWebDriver.java:559)
at org.openqa.selenium.remote.RemoteWebElement.execute(RemoteWebElement.java:251)
at org.openqa.selenium.remote.RemoteWebElement.click(RemoteWebElement.java:77)
at java.base/jdk.internal.reflect.NativeMethodAccessorImpl.invoke0(Native Method)
at java.base/jdk.internal.reflect.NativeMethodAccessorImpl.invoke(NativeMethodAccessorImpl.java:77)
at java.base/jdk.internal.reflect.DelegatingMethodAccessorImpl.invoke(DelegatingMethodAccessorImpl.java:43)
at java.base/java.lang.reflect.Method.invoke(Method.java:568)
at org.openqa.selenium.support.pagefactory.internal.LocatingElementHandler.invoke(LocatingElementHandler.java:52)
at jdk.proxy2/jdk.proxy2.$Proxy16.click(Unknown Source)
at pages.NewPostPage.custommonthTimeelect(NewPostPage.java:108)
at tests.TestFanfix.dateSelect(TestFanfix.java:86)
at java.base/jdk.internal.reflect.NativeMethodAccessorImpl.invoke0(Native Method)
at java.base/jdk.internal.reflect.NativeMethodAccessorImpl.invoke(NativeMethodAccessorImpl.java:77)
at java.base/jdk.internal.reflect.DelegatingMethodAccessorImpl.invoke(DelegatingMethodAccessorImpl.java:43)
at java.base/java.lang.reflect.Method.invoke(Method.java:568)
at org.testng.internal.MethodInvocationHelper.invokeMethod(MethodInvocationHelper.java:133)
at org.testng.internal.TestInvoker.invokeMethod(TestInvoker.java:598)
at org.testng.internal.TestInvoker.invokeTestMethod(TestInvoker.java:173)
at org.testng.internal.MethodRunner.runInSequence(MethodRunner.java:46)
at org.testng.internal.TestInvoker$MethodInvocationAgent.invoke(TestInvoker.java:824)
at org.testng.internal.TestInvoker.invokeTestMethods(TestInvoker.java:146)
at org.testng.internal.TestMethodWorker.invokeTestMethods(TestMethodWorker.java:146)
at org.testng.internal.TestMethodWorker.run(TestMethodWorker.java:128)
at java.base/java.util.ArrayList.forEach(ArrayList.java:1511)
at org.testng.TestRunner.privateRun(TestRunner.java:794)
at org.testng.TestRunner.run(TestRunner.java:596)
at org.testng.SuiteRunner.runTest(SuiteRunner.java:377)
at org.testng.SuiteRunner.runSequentially(SuiteRunner.java:371)
at org.testng.SuiteRunner.privateRun(SuiteRunner.java:332)
at org.testng.SuiteRunner.run(SuiteRunner.java:276)
at org.testng.SuiteRunnerWorker.runSuite(SuiteRunnerWorker.java:53)
at org.testng.SuiteRunnerWorker.run(SuiteRunnerWorker.java:96)
at org.testng.TestNG.runSuitesSequentially(TestNG.java:1212)
at org.testng.TestNG.runSuitesLocally(TestNG.java:1134)
at org.testng.TestNG.runSuites(TestNG.java:1063)
at org.testng.TestNG.run(TestNG.java:1031)
at org.testng.remote.AbstractRemoteTestNG.run(AbstractRemoteTestNG.java:115)
at org.testng.remote.RemoteTestNG.initAndRun(RemoteTestNG.java:251)
at org.testng.remote.RemoteTestNG.main(RemoteTestNG.java:77)
]]>
    </failure>
  </testcase> <!-- dateSelect -->
  <testcase classname="tests.TestFanfix" name="selectOkandPostButton" time="3.362"/>
</testsuite> <!-- Default test -->
